therion 6.0.4 (2021-11-28)
  - using Proj 8.2.0, compiled against 8.2.0
initialization file: /etc/therion.ini
reading ... done
configuration file: thconfig
reading ... done
reading source files ... done
preprocessing database ... done
output coordinate system: UTM38
meridian convergence (deg): 1.0975
geomag declinations (deg):
  1979.1.1  5.0944
  1980.1.1  5.1082
  1981.1.1  5.1292
  1982.1.1  5.1503
  1983.1.1  5.1714
  1984.1.1  5.1925
  1985.1.1  5.2137
  1986.1.1  5.2308
  1987.1.1  5.2478
  1988.1.1  5.2649
  1989.1.1  5.2820
  1990.1.1  5.2992
  1991.1.1  5.3213
  1992.1.1  5.3434
  1993.1.1  5.3655
  1994.1.1  5.3876
  1995.1.1  5.4098
  1996.1.1  5.4716
  1997.1.1  5.5335
  1998.1.1  5.5953
  1999.1.1  5.6572
  2000.1.1  5.7192
  2001.1.1  5.7814
  2002.1.1  5.8437
  2003.1.1  5.9059
  2004.1.1  5.9682
  2005.1.1  6.0306
  2006.1.1  6.1138
  2007.1.1  6.1972
  2008.1.1  6.2806
  2009.1.1  6.3640
  2010.1.1  6.4476
  2011.1.1  6.5339
  2012.1.1  6.6203
  2013.1.1  6.7068
  2014.1.1  6.7933
  2015.1.1  6.8799
  2016.1.1  6.9636
  2017.1.1  7.0474
  2018.1.1  7.1311
  2019.1.1  7.2150
  2020.1.1  7.2988
  2021.1.1  7.3760
  2022.1.1  7.4532
  2023.1.1  7.5304
scanning centreline tree ... done
searching for centerline loops ... done
calculating station coordinates ... done
average loop error: 4.18%
processing survey data ... 
####################### cavern log file ########################
 1> Survex 1.4.1
 2> Copyright © 1990-2021 Olly Betts
 3> 
 4> Survey contains 624 survey stations, joined by 627 legs.
 5> There are 5 loops.
 6> Survey has 2 connected components.
 7> Total length of survey legs =  803.25m ( 803.87m adjusted)
 8> Total plan length of survey legs =  751.82m
 9> Total vertical length of survey legs =  127.67m
10> Vertical range = 62.73m (from 19 at 1371.68m to 529 at 1308.95m)
11> North-South range = 290.90m (from 533 at 4801541.35m to 286 at 4801250.45m)
12> East-West range = 146.59m (from 477 at 370567.92m to 350 at 370421.32m)
13>  460 1-nodes.
14>   59 2-nodes.
15>    4 3-nodes.
16>    5 4-nodes.
17>   28 5-nodes.
18>   30 6-nodes.
19>   14 7-nodes.
20>   11 8-nodes.
21>    5 9-nodes.
22>    1 10-node.
23>    4 11-nodes.
24>    2 12-nodes.
25>    1 15-node.
26> 
######################### transcription ########################
 4> 624 : A86@
 5> 5 : 1@
 6> 2 : .@
10> 19 : .@ -- 529 : .@
11> 533 : 333@ -- 286 : .@
12> 477 : .@ -- 350 : .@
13> 460 : .@
14> 59 : .@
15> 4 : .@
16> 5 : 1@
17> 28 : .@
18> 30 : .@
19> 14 : .@
20> 11 : .@
21> 5 : 1@
22> 1 : 0@
23> 4 : .@
24> 2 : .@
25> 1 : 0@
#################### end of cavern log file ####################
done
calculating basic statistics ... done
processing extended elevation ... done
processing references ... done
selecting export objects ... done
writing output/suuakan.lox ...
processing projection plan ... done
average distortion: 0.50%
..
therion: warning -- suu-0p@suakan -- multiple scrap outer outlines not supported yet
...... done
writing output/suuakan.3d ... done


############### export maps & scraps selection #################
M  1342.68 schema@suakan ()
S  1363.53 vhod-p@suakan ()
S  1374.73 vhod2-p@suakan ()
S  1362.83 vhod-k2@suakan ()
S  1327.25 m2009-p@suakan ()
S  1321.89 m2009-2-p@suakan ()
S  1322.41 m2009-3-p@suakan ()
S  1335.09 suu-0p@suakan ()
S  1333.74 vodoprovod-p@suakan ()
########## end of export maps & scraps selection ###############
copying_fonts ...
DejaVuSerif.ttf
DejaVuSerif-Italic.ttf
DejaVuSerif-Bold.ttf
DejaVuSans.ttf
DejaVuSans-Oblique.ttf
done.
writing output/suuakan.pdf ...
processing projection none ... done
generating TeX metrics ... done
####################### metapost log file ########################
This is MetaPost, version 2.01 (TeX Live 2021/Arch Linux) (kpathsea version 6.3.3)  20 JAN 2022 13:31
**data.mp
(/usr/share/texmf-dist/metapost/base/mpost.mp
(/usr/share/texmf-dist/metapost/base/plain.mp
Preloading the plain mem file, version 1.005) ) (./data.mp
{randomseed:=42}
 [1] [2] [3] [4]
[5] [6] [7] [8] [9] [10] [11] [12] [13] [14]
[1] [2] [3] [4] [5] [6] [7] [8] [9] [10] [11] [12] [13] [14] [15] [16] [17]
[Warning: scrap outline intersects itself in scrap suu-xx22@suakan] [18] [19]
[Warning: scrap outline intersects itself in scrap suu-xx20@suakan] [20] [21]
[22] [23] [24] [25]
[Warning: scrap outline intersects itself in scrap suu-xx14@suakan] [26] [27]
[28] [29] [30] [31] [32] [33] [34]
[Warning: scrap outline intersects itself in scrap suu-xx7@suakan] [35] [36]
[37] [38] [39] [40] [41] [42] [43] [44]
[Warning: scrap outline intersects itself in scrap suu-xx1@suakan] [45] [46]
[47] [48] [49] [50] [51] [52] [53] [54] [55] [56] [57] [58] [59] [60] [61]
[62] [63] [64] [65] [66] (./mptextmp.mp) [67] [68] [69] [70] [71] [72] [73]
[74] [75] [76] [77] [78] [79] [80] [81] [82] [83] [84] [85] [86] [87] [88]
[89] [90] [91] )
 
Here is how much of MetaPost's memory you used:
 68942 strings using 1802711 characters
 5026128 bytes of node memory
 1684 symbolic tokens
 8i,82n,16p,991b,5f stack positions out of 16i,98n,20p,1187b,6f
105 output files written: data-patt.1 .. data.91


#################### end of metapost log file ####################
converting scraps ... done
making map ... done
generating TeX metrics ... done
######################## pdftex log file #########################
This is pdfTeX, Version 3.141592653-2.6-1.40.23 (TeX Live 2021/Arch Linux) (preloaded format=pdftex 2022.1.7)  20 JAN 2022 13:31
entering extended mode
 restricted \write18 enabled.
 %&-line parsing enabled.
**data.tex
(./data.tex (./th_enc.tex) (./th_texts.tex) (./th_resources.tex (./thfonts.map{
/var/lib/texmf/fonts/map/pdftex/updmap/pdftex.map})
(/usr/share/texmf-dist/tex/generic/pdftex/glyphtounicode.tex))
(./th_fontdef.tex)
(./th_formdef.tex) (./th_pagedef.tex (./th_legend.tex)) (./th_pages.tex)
 189 numeric registers used out of 32768

[1] ) 
Here is how much of TeX's memory you used:
 413 strings out of 494604
 5562 string characters out of 6153357
 305768 words of memory out of 5000000
 2063 multiletter control sequences out of 15000+600000
 18168 words of font info for 56 fonts, out of 8000000 for 9000
 1416 hyphenation exceptions out of 8191
 12i,5n,7p,291b,72s stack positions out of 5000i,500n,10000p,200000b,80000s
{a_fihllw.enc}<DejaVuSans-Oblique.ttf><DejaVuSans.ttf>
Output written on data.pdf (1 page, 328609 bytes).
PDF statistics:
 322 PDF objects out of 1000 (max. 8388607)
 164 compressed objects within 2 object streams
 0 named destinations out of 1000 (max. 500000)
 917 words of extra memory for PDF output out of 10000 (max. 10000000)


##################### end of pdftex log file #####################
done
writing output/suuakan.kml ... done
writing output/suuakan.xvi ... done
compilation time: 8 sec


######################### loop errors ##########################
REL-ERR ABS-ERR TOTAL-L STS X-ERROR Y-ERROR Z-ERROR STATIONS
  4.82%    9.8m  202.6m  39   -3.8m   -3.6m   -8.3m [1@rostov2009.suakan - 2 - 3 - 4 - 5 - 6 - 7 - 8 - 9 - 10 - 11 - 12 - 35 - 13 - 14 - 15 - 16 - 17 - 18 - 19 - 20 - 21 - 22 - 23 - 24 - 25 - 26 - 27 = A79@ - A78 - A77 - A76 - A75 - A74 - A73 - A55 = 316 - 315 - 314 - 313 - 312 - 311 = 1@rostov2009.suakan]
  1.61%    0.2m    9.8m   2   -0.0m   -0.1m   -0.1m [20@ - 21 - 20]
  1.60%    0.2m   11.6m   2    0.2m    0.0m    0.0m [321@ - 322 - 321]
  0.48%    0.1m   17.4m   4   -0.0m    0.0m    0.1m [9@ - 300 - 301 - 10 - 9]
##################### end of loop errors #######################


###################### scrap distortions #######################
 PROJECTION: plan
 AVERAGE  MAXIMAL  SCRAP
   0.56%   34.42%  suu-0p@suakan
   0.03%   24.90%  m2009-p@suakan
   2.26%   20.02%  m2009-3-p@suakan
   0.14%    4.85%  vhod-p@suakan
   0.04%    1.00%  vhod2-p@suakan
   0.03%    0.30%  vodoprovod-p@suakan
   0.06%    0.19%  vhod-k2@suakan
   0.00%    0.02%  m2009-2-p@suakan
################### end of scrap distortions ###################
